
> @esbuild-experiment/app@1.0.0 build
> echo "Error: no test specified" && exit 1

Error: no test specified
npm ERR! Lifecycle script `build` failed with error: 
npm ERR! Error: command failed 
npm ERR!   in workspace: @esbuild-experiment/app@1.0.0 
npm ERR!   at location: /Users/akorzhikov/Developer/Home/remix-workshop/esbuild-experiment/app 
